<?xml version="1.0" encoding="UTF-8"?>
<testsuites>
  <testsuite name="/var/www/html/phpunit.xml" tests="16" assertions="43" errors="0" failures="0" skipped="0" time="1.388549">
    <testsuite name="Feature" tests="16" assertions="43" errors="0" failures="0" skipped="0" time="1.388549">
      <testsuite name="Tests\Feature\AuthTest" file="Auth (Tests\Feature\Auth)" tests="7" assertions="13" errors="0" failures="0" skipped="0" time="1.084810">
        <testcase name="User can login with valid credential" file="Auth (Tests\Feature\Auth)::User can login with valid credential" class="Tests\Feature\AuthTest" classname="Tests.Feature.AuthTest" assertions="6" time="0.337054"/>
        <testcase name="User cannot log in with invalid credentials" file="Auth (Tests\Feature\Auth)::User cannot log in with invalid credentials" class="Tests\Feature\AuthTest" classname="Tests.Feature.AuthTest" assertions="1" time="0.220503"/>
        <testsuite name="Login validation rules" tests="4" assertions="4" errors="0" failures="0" skipped="0" time="0.503216">
          <testcase name="Login validation rules with data set &quot;senha_incorreta&quot;" file="Auth (Tests\Feature\Auth)::Login validation rules with data set &quot;senha_incorreta&quot;" class="Tests\Feature\AuthTest" classname="Tests.Feature.AuthTest" assertions="1" time="0.228499"/>
          <testcase name="Login validation rules with data set &quot;email_inexistente&quot;" file="Auth (Tests\Feature\Auth)::Login validation rules with data set &quot;email_inexistente&quot;" class="Tests\Feature\AuthTest" classname="Tests.Feature.AuthTest" assertions="1" time="0.228950"/>
          <testcase name="Login validation rules with data set &quot;email_vazio&quot;" file="Auth (Tests\Feature\Auth)::Login validation rules with data set &quot;email_vazio&quot;" class="Tests\Feature\AuthTest" classname="Tests.Feature.AuthTest" assertions="1" time="0.027381"/>
          <testcase name="Login validation rules with data set &quot;senha_vazia&quot;" file="Auth (Tests\Feature\Auth)::Login validation rules with data set &quot;senha_vazia&quot;" class="Tests\Feature\AuthTest" classname="Tests.Feature.AuthTest" assertions="1" time="0.018386"/>
        </testsuite>
        <testcase name="User can logout" file="Auth (Tests\Feature\Auth)::User can logout" class="Tests\Feature\AuthTest" classname="Tests.Feature.AuthTest" assertions="2" time="0.024037"/>
      </testsuite>
      <testsuite name="Tests\Feature\Jobs\ProcessInstrumentUploadTest" file="Process Instrument Upload (Tests\Feature\Jobs\ProcessInstrumentUpload)" tests="1" assertions="5" errors="0" failures="0" skipped="0" time="0.058378">
        <testcase name="It processes csv upload correctly" file="Process Instrument Upload (Tests\Feature\Jobs\ProcessInstrumentUpload)::It processes csv upload correctly" class="Tests\Feature\Jobs\ProcessInstrumentUploadTest" classname="Tests.Feature.Jobs.ProcessInstrumentUploadTest" assertions="5" time="0.058378"/>
      </testsuite>
      <testsuite name="Tests\Feature\ProcessInstrumentUploadControllerTest" file="Process Instrument Upload Controller (Tests\Feature\ProcessInstrumentUploadController)" tests="8" assertions="25" errors="0" failures="0" skipped="0" time="0.245361">
        <testcase name="Authenticated user can upload instruments file" file="Process Instrument Upload Controller (Tests\Feature\ProcessInstrumentUploadController)::Authenticated user can upload instruments file" class="Tests\Feature\ProcessInstrumentUploadControllerTest" classname="Tests.Feature.ProcessInstrumentUploadControllerTest" assertions="6" time="0.047813"/>
        <testcase name="S whether a user who is not logged in can upload" file="Process Instrument Upload Controller (Tests\Feature\ProcessInstrumentUploadController)::S whether a user who is not logged in can upload" class="Tests\Feature\ProcessInstrumentUploadControllerTest" classname="Tests.Feature.ProcessInstrumentUploadControllerTest" assertions="2" time="0.019085"/>
        <testcase name="Upload requires a file" file="Process Instrument Upload Controller (Tests\Feature\ProcessInstrumentUploadController)::Upload requires a file" class="Tests\Feature\ProcessInstrumentUploadControllerTest" classname="Tests.Feature.ProcessInstrumentUploadControllerTest" assertions="3" time="0.019091"/>
        <testcase name="Upload requires a reference date" file="Process Instrument Upload Controller (Tests\Feature\ProcessInstrumentUploadController)::Upload requires a reference date" class="Tests\Feature\ProcessInstrumentUploadControllerTest" classname="Tests.Feature.ProcessInstrumentUploadControllerTest" assertions="3" time="0.019344"/>
        <testcase name="Cannot upload same file twice" file="Process Instrument Upload Controller (Tests\Feature\ProcessInstrumentUploadController)::Cannot upload same file twice" class="Tests\Feature\ProcessInstrumentUploadControllerTest" classname="Tests.Feature.ProcessInstrumentUploadControllerTest" assertions="2" time="0.035770"/>
        <testcase name="Upload rejects invalid file extensions" file="Process Instrument Upload Controller (Tests\Feature\ProcessInstrumentUploadController)::Upload rejects invalid file extensions" class="Tests\Feature\ProcessInstrumentUploadControllerTest" classname="Tests.Feature.ProcessInstrumentUploadControllerTest" assertions="3" time="0.019563"/>
        <testcase name="Upload rejects files too large" file="Process Instrument Upload Controller (Tests\Feature\ProcessInstrumentUploadController)::Upload rejects files too large" class="Tests\Feature\ProcessInstrumentUploadControllerTest" classname="Tests.Feature.ProcessInstrumentUploadControllerTest" assertions="3" time="0.045029"/>
        <testcase name="Upload rejects invalid date format" file="Process Instrument Upload Controller (Tests\Feature\ProcessInstrumentUploadController)::Upload rejects invalid date format" class="Tests\Feature\ProcessInstrumentUploadControllerTest" classname="Tests.Feature.ProcessInstrumentUploadControllerTest" assertions="3" time="0.039666"/>
      </testsuite>
    </testsuite>
  </testsuite>
</testsuites>
